E:\专业文件\研一\CAD\BREP_MYCODE\MY_BREP\DEBUG\MY_BREP.EXE
E:\专业文件\研一\CAD\BREP_MYCODE\MY_BREP\DEBUG\MY_BREP.ILK
E:\专业文件\研一\CAD\BREP_MYCODE\MY_BREP\DEBUG\MY_BREP.PDB
E:\专业文件\研一\CAD\Brep_mycode\my_brep\my_brep\Debug\cl.command.1.tlog
E:\专业文件\研一\CAD\Brep_mycode\my_brep\my_brep\Debug\CL.read.1.tlog
E:\专业文件\研一\CAD\Brep_mycode\my_brep\my_brep\Debug\CL.write.1.tlog
E:\专业文件\研一\CAD\BREP_MYCODE\MY_BREP\MY_BREP\DEBUG\EULAROPERATION.OBJ
E:\专业文件\研一\CAD\Brep_mycode\my_brep\my_brep\Debug\link.13344.read.1.tlog
E:\专业文件\研一\CAD\Brep_mycode\my_brep\my_brep\Debug\link.13344.read.2.tlog
E:\专业文件\研一\CAD\Brep_mycode\my_brep\my_brep\Debug\link.13344.write.1.tlog
E:\专业文件\研一\CAD\Brep_mycode\my_brep\my_brep\Debug\link.13344-cvtres.read.1.tlog
E:\专业文件\研一\CAD\Brep_mycode\my_brep\my_brep\Debug\link.13344-cvtres.write.1.tlog
E:\专业文件\研一\CAD\Brep_mycode\my_brep\my_brep\Debug\link.14596.read.1.tlog
E:\专业文件\研一\CAD\Brep_mycode\my_brep\my_brep\Debug\link.14596.write.1.tlog
E:\专业文件\研一\CAD\Brep_mycode\my_brep\my_brep\Debug\link.14596-cvtres.read.1.tlog
E:\专业文件\研一\CAD\Brep_mycode\my_brep\my_brep\Debug\link.14596-cvtres.write.1.tlog
E:\专业文件\研一\CAD\Brep_mycode\my_brep\my_brep\Debug\link.15080.read.1.tlog
E:\专业文件\研一\CAD\Brep_mycode\my_brep\my_brep\Debug\link.15080.read.2.tlog
E:\专业文件\研一\CAD\Brep_mycode\my_brep\my_brep\Debug\link.15080.write.1.tlog
E:\专业文件\研一\CAD\Brep_mycode\my_brep\my_brep\Debug\link.15080-cvtres.read.1.tlog
E:\专业文件\研一\CAD\Brep_mycode\my_brep\my_brep\Debug\link.15080-cvtres.write.1.tlog
E:\专业文件\研一\CAD\Brep_mycode\my_brep\my_brep\Debug\link.16120.read.1.tlog
E:\专业文件\研一\CAD\Brep_mycode\my_brep\my_brep\Debug\link.16120.read.2.tlog
E:\专业文件\研一\CAD\Brep_mycode\my_brep\my_brep\Debug\link.16120.write.1.tlog
E:\专业文件\研一\CAD\Brep_mycode\my_brep\my_brep\Debug\link.16120-cvtres.read.1.tlog
E:\专业文件\研一\CAD\Brep_mycode\my_brep\my_brep\Debug\link.16120-cvtres.write.1.tlog
E:\专业文件\研一\CAD\Brep_mycode\my_brep\my_brep\Debug\link.16268.read.1.tlog
E:\专业文件\研一\CAD\Brep_mycode\my_brep\my_brep\Debug\link.16268.read.2.tlog
E:\专业文件\研一\CAD\Brep_mycode\my_brep\my_brep\Debug\link.16268.write.1.tlog
E:\专业文件\研一\CAD\Brep_mycode\my_brep\my_brep\Debug\link.16268-cvtres.read.1.tlog
E:\专业文件\研一\CAD\Brep_mycode\my_brep\my_brep\Debug\link.16268-cvtres.write.1.tlog
E:\专业文件\研一\CAD\Brep_mycode\my_brep\my_brep\Debug\link.16480.read.1.tlog
E:\专业文件\研一\CAD\Brep_mycode\my_brep\my_brep\Debug\link.16480.read.2.tlog
E:\专业文件\研一\CAD\Brep_mycode\my_brep\my_brep\Debug\link.16480.write.1.tlog
E:\专业文件\研一\CAD\Brep_mycode\my_brep\my_brep\Debug\link.16480-cvtres.read.1.tlog
E:\专业文件\研一\CAD\Brep_mycode\my_brep\my_brep\Debug\link.16480-cvtres.write.1.tlog
E:\专业文件\研一\CAD\Brep_mycode\my_brep\my_brep\Debug\link.4148.read.1.tlog
E:\专业文件\研一\CAD\Brep_mycode\my_brep\my_brep\Debug\link.4148.write.1.tlog
E:\专业文件\研一\CAD\Brep_mycode\my_brep\my_brep\Debug\link.4148-cvtres.read.1.tlog
E:\专业文件\研一\CAD\Brep_mycode\my_brep\my_brep\Debug\link.4148-cvtres.write.1.tlog
E:\专业文件\研一\CAD\Brep_mycode\my_brep\my_brep\Debug\link.command.1.tlog
E:\专业文件\研一\CAD\Brep_mycode\my_brep\my_brep\Debug\link.read.1.tlog
E:\专业文件\研一\CAD\Brep_mycode\my_brep\my_brep\Debug\link.write.1.tlog
E:\专业文件\研一\CAD\Brep_mycode\my_brep\my_brep\Debug\link-cvtres.read.1.tlog
E:\专业文件\研一\CAD\Brep_mycode\my_brep\my_brep\Debug\link-cvtres.write.1.tlog
E:\专业文件\研一\CAD\BREP_MYCODE\MY_BREP\MY_BREP\DEBUG\MAIN.OBJ
E:\专业文件\研一\CAD\Brep_mycode\my_brep\my_brep\Debug\mt.command.1.tlog
E:\专业文件\研一\CAD\Brep_mycode\my_brep\my_brep\Debug\mt.read.1.tlog
E:\专业文件\研一\CAD\Brep_mycode\my_brep\my_brep\Debug\mt.write.1.tlog
E:\专业文件\研一\CAD\Brep_mycode\my_brep\my_brep\Debug\my_brep.exe.embed.manifest
E:\专业文件\研一\CAD\BREP_MYCODE\MY_BREP\MY_BREP\DEBUG\MY_BREP.EXE.EMBED.MANIFEST.RES
E:\专业文件\研一\CAD\BREP_MYCODE\MY_BREP\MY_BREP\DEBUG\MY_BREP.EXE.INTERMEDIATE.MANIFEST
E:\专业文件\研一\CAD\Brep_mycode\my_brep\my_brep\Debug\my_brep.vcxprojResolveAssemblyReference.cache
E:\专业文件\研一\CAD\Brep_mycode\my_brep\my_brep\Debug\my_brep.write.1.tlog
E:\专业文件\研一\CAD\Brep_mycode\my_brep\my_brep\Debug\my_brep_manifest.rc
E:\专业文件\研一\CAD\Brep_mycode\my_brep\my_brep\Debug\rc.command.1.tlog
E:\专业文件\研一\CAD\Brep_mycode\my_brep\my_brep\Debug\rc.read.1.tlog
E:\专业文件\研一\CAD\Brep_mycode\my_brep\my_brep\Debug\rc.write.1.tlog
E:\专业文件\研一\CAD\BREP_MYCODE\MY_BREP\MY_BREP\DEBUG\SHADER.OBJ
E:\专业文件\研一\CAD\Brep_mycode\my_brep\my_brep\Debug\vc100.idb
E:\专业文件\研一\CAD\BREP_MYCODE\MY_BREP\MY_BREP\DEBUG\VC100.PDB
I:\专业文件\研一\CAD\BREP_MYCODE\MY_BREP\DEBUG\MY_BREP.EXE
I:\专业文件\研一\CAD\BREP_MYCODE\MY_BREP\DEBUG\MY_BREP.ILK
I:\专业文件\研一\CAD\BREP_MYCODE\MY_BREP\DEBUG\MY_BREP.PDB
I:\专业文件\研一\CAD\BREP_MYCODE\MY_BREP\MY_BREP\DEBUG\EULAROPERATION.OBJ
I:\专业文件\研一\CAD\BREP_MYCODE\MY_BREP\MY_BREP\DEBUG\MAIN.OBJ
I:\专业文件\研一\CAD\BREP_MYCODE\MY_BREP\MY_BREP\DEBUG\MY_BREP.EXE.EMBED.MANIFEST
I:\专业文件\研一\CAD\BREP_MYCODE\MY_BREP\MY_BREP\DEBUG\MY_BREP.EXE.EMBED.MANIFEST.RES
I:\专业文件\研一\CAD\BREP_MYCODE\MY_BREP\MY_BREP\DEBUG\MY_BREP.EXE.INTERMEDIATE.MANIFEST
I:\专业文件\研一\CAD\BREP_MYCODE\MY_BREP\MY_BREP\DEBUG\SHADER.OBJ
I:\专业文件\研一\CAD\BREP_MYCODE\MY_BREP\MY_BREP\DEBUG\VC100.PDB
